Determining if the pthread_create exist failed with the following output:
Change Dir: /home/mat/workspace/gorobots/projects/C-CPGRBFN/CPGRBFN_feedback_v3/interfaces/morf/sim/build_dir/CMakeFiles/CMakeTmp

Run Build Command:"/usr/bin/make" "cmTC_cb9fe/fast"
/usr/bin/make -f CMakeFiles/cmTC_cb9fe.dir/build.make CMakeFiles/cmTC_cb9fe.dir/build
make[1]: Entering directory '/home/mat/workspace/gorobots/projects/C-CPGRBFN/CPGRBFN_feedback_v3/interfaces/morf/sim/build_dir/CMakeFiles/CMakeTmp'
Building C object CMakeFiles/cmTC_cb9fe.dir/CheckSymbolExists.c.o
/usr/bin/cc    -o CMakeFiles/cmTC_cb9fe.dir/CheckSymbolExists.c.o   -c /home/mat/workspace/gorobots/projects/C-CPGRBFN/CPGRBFN_feedback_v3/interfaces/morf/sim/build_dir/CMakeFiles/CMakeTmp/CheckSymbolExists.c
Linking C executable cmTC_cb9fe
/usr/bin/cmake -E cmake_link_script CMakeFiles/cmTC_cb9fe.dir/link.txt --verbose=1
/usr/bin/cc      -rdynamic CMakeFiles/cmTC_cb9fe.dir/CheckSymbolExists.c.o  -o cmTC_cb9fe 
CMakeFiles/cmTC_cb9fe.dir/CheckSymbolExists.c.o: In function `main':
CheckSymbolExists.c:(.text+0x1b): undefined reference to `pthread_create'
collect2: error: ld returned 1 exit status
CMakeFiles/cmTC_cb9fe.dir/build.make:97: recipe for target 'cmTC_cb9fe' failed
make[1]: *** [cmTC_cb9fe] Error 1
make[1]: Leaving directory '/home/mat/workspace/gorobots/projects/C-CPGRBFN/CPGRBFN_feedback_v3/interfaces/morf/sim/build_dir/CMakeFiles/CMakeTmp'
Makefile:126: recipe for target 'cmTC_cb9fe/fast' failed
make: *** [cmTC_cb9fe/fast] Error 2

File /home/mat/workspace/gorobots/projects/C-CPGRBFN/CPGRBFN_feedback_v3/interfaces/morf/sim/build_dir/CMakeFiles/CMakeTmp/CheckSymbolExists.c:
/* */
#include <pthread.h>

int main(int argc, char** argv)
{
  (void)argv;
#ifndef pthread_create
  return ((int*)(&pthread_create))[argc];
#else
  (void)argc;
  return 0;
#endif
}

Determining if the function pthread_create exists in the pthreads failed with the following output:
Change Dir: /home/mat/workspace/gorobots/projects/C-CPGRBFN/CPGRBFN_feedback_v3/interfaces/morf/sim/build_dir/CMakeFiles/CMakeTmp

Run Build Command:"/usr/bin/make" "cmTC_e84d8/fast"
/usr/bin/make -f CMakeFiles/cmTC_e84d8.dir/build.make CMakeFiles/cmTC_e84d8.dir/build
make[1]: Entering directory '/home/mat/workspace/gorobots/projects/C-CPGRBFN/CPGRBFN_feedback_v3/interfaces/morf/sim/build_dir/CMakeFiles/CMakeTmp'
Building C object CMakeFiles/cmTC_e84d8.dir/CheckFunctionExists.c.o
/usr/bin/cc   -DCHECK_FUNCTION_EXISTS=pthread_create   -o CMakeFiles/cmTC_e84d8.dir/CheckFunctionExists.c.o   -c /usr/share/cmake-3.10/Modules/CheckFunctionExists.c
Linking C executable cmTC_e84d8
/usr/bin/cmake -E cmake_link_script CMakeFiles/cmTC_e84d8.dir/link.txt --verbose=1
/usr/bin/cc  -DCHECK_FUNCTION_EXISTS=pthread_create    -rdynamic CMakeFiles/cmTC_e84d8.dir/CheckFunctionExists.c.o  -o cmTC_e84d8 -lpthreads 
/usr/bin/ld: cannot find -lpthreads
collect2: error: ld returned 1 exit status
CMakeFiles/cmTC_e84d8.dir/build.make:97: recipe for target 'cmTC_e84d8' failed
make[1]: *** [cmTC_e84d8] Error 1
make[1]: Leaving directory '/home/mat/workspace/gorobots/projects/C-CPGRBFN/CPGRBFN_feedback_v3/interfaces/morf/sim/build_dir/CMakeFiles/CMakeTmp'
Makefile:126: recipe for target 'cmTC_e84d8/fast' failed
make: *** [cmTC_e84d8/fast] Error 2


Performing C SOURCE FILE Test CMAKE_HAVE_LIBC_PTHREAD failed with the following output:
Change Dir: /home/mat/workspace/gorobots/projects/C-CPGRBFN/CPGRBFN_feedback_v3/interfaces/morf/sim/build_dir/CMakeFiles/CMakeTmp

Run Build Command(s):/usr/bin/make cmTC_b577a/fast && /usr/bin/make -f CMakeFiles/cmTC_b577a.dir/build.make CMakeFiles/cmTC_b577a.dir/build
make[1]: Entering directory '/home/mat/workspace/gorobots/projects/C-CPGRBFN/CPGRBFN_feedback_v3/interfaces/morf/sim/build_dir/CMakeFiles/CMakeTmp'
Building C object CMakeFiles/cmTC_b577a.dir/src.c.o
/usr/bin/cc   -DCMAKE_HAVE_LIBC_PTHREAD   -o CMakeFiles/cmTC_b577a.dir/src.c.o   -c /home/mat/workspace/gorobots/projects/C-CPGRBFN/CPGRBFN_feedback_v3/interfaces/morf/sim/build_dir/CMakeFiles/CMakeTmp/src.c
Linking C executable cmTC_b577a
/snap/clion/99/bin/cmake/linux/bin/cmake -E cmake_link_script CMakeFiles/cmTC_b577a.dir/link.txt --verbose=1
/usr/bin/cc  -DCMAKE_HAVE_LIBC_PTHREAD    -rdynamic CMakeFiles/cmTC_b577a.dir/src.c.o  -o cmTC_b577a 
CMakeFiles/cmTC_b577a.dir/src.c.o: In function `main':
src.c:(.text+0x3e): undefined reference to `pthread_create'
src.c:(.text+0x4a): undefined reference to `pthread_detach'
src.c:(.text+0x5b): undefined reference to `pthread_join'
src.c:(.text+0x6f): undefined reference to `pthread_atfork'
collect2: error: ld returned 1 exit status
CMakeFiles/cmTC_b577a.dir/build.make:86: recipe for target 'cmTC_b577a' failed
make[1]: *** [cmTC_b577a] Error 1
make[1]: Leaving directory '/home/mat/workspace/gorobots/projects/C-CPGRBFN/CPGRBFN_feedback_v3/interfaces/morf/sim/build_dir/CMakeFiles/CMakeTmp'
Makefile:121: recipe for target 'cmTC_b577a/fast' failed
make: *** [cmTC_b577a/fast] Error 2


Source file was:
#include <pthread.h>

void* test_func(void* data)
{
  return data;
}

int main(void)
{
  pthread_t thread;
  pthread_create(&thread, NULL, test_func, NULL);
  pthread_detach(thread);
  pthread_join(thread, NULL);
  pthread_atfork(NULL, NULL, NULL);
  pthread_exit(NULL);

  return 0;
}

Determining if the pthread_create exist failed with the following output:
Change Dir: /home/mat/workspace/gorobots/projects/C-CPGRBFN/CPGRBFN_feedback_nature/interfaces/morf/sim/build_dir/CMakeFiles/CMakeTmp

Run Build Command:"/usr/bin/make" "cmTC_9ff77/fast"
/usr/bin/make -f CMakeFiles/cmTC_9ff77.dir/build.make CMakeFiles/cmTC_9ff77.dir/build
make[1]: Entering directory '/home/mat/workspace/gorobots/projects/C-CPGRBFN/CPGRBFN_feedback_nature/interfaces/morf/sim/build_dir/CMakeFiles/CMakeTmp'
Building C object CMakeFiles/cmTC_9ff77.dir/CheckSymbolExists.c.o
/usr/bin/cc    -o CMakeFiles/cmTC_9ff77.dir/CheckSymbolExists.c.o   -c /home/mat/workspace/gorobots/projects/C-CPGRBFN/CPGRBFN_feedback_nature/interfaces/morf/sim/build_dir/CMakeFiles/CMakeTmp/CheckSymbolExists.c
Linking C executable cmTC_9ff77
/usr/bin/cmake -E cmake_link_script CMakeFiles/cmTC_9ff77.dir/link.txt --verbose=1
/usr/bin/cc      -rdynamic CMakeFiles/cmTC_9ff77.dir/CheckSymbolExists.c.o  -o cmTC_9ff77 
CMakeFiles/cmTC_9ff77.dir/CheckSymbolExists.c.o: In function `main':
CheckSymbolExists.c:(.text+0x1b): undefined reference to `pthread_create'
collect2: error: ld returned 1 exit status
CMakeFiles/cmTC_9ff77.dir/build.make:97: recipe for target 'cmTC_9ff77' failed
make[1]: *** [cmTC_9ff77] Error 1
make[1]: Leaving directory '/home/mat/workspace/gorobots/projects/C-CPGRBFN/CPGRBFN_feedback_nature/interfaces/morf/sim/build_dir/CMakeFiles/CMakeTmp'
Makefile:126: recipe for target 'cmTC_9ff77/fast' failed
make: *** [cmTC_9ff77/fast] Error 2

File /home/mat/workspace/gorobots/projects/C-CPGRBFN/CPGRBFN_feedback_nature/interfaces/morf/sim/build_dir/CMakeFiles/CMakeTmp/CheckSymbolExists.c:
/* */
#include <pthread.h>

int main(int argc, char** argv)
{
  (void)argv;
#ifndef pthread_create
  return ((int*)(&pthread_create))[argc];
#else
  (void)argc;
  return 0;
#endif
}

Determining if the function pthread_create exists in the pthreads failed with the following output:
Change Dir: /home/mat/workspace/gorobots/projects/C-CPGRBFN/CPGRBFN_feedback_nature/interfaces/morf/sim/build_dir/CMakeFiles/CMakeTmp

Run Build Command:"/usr/bin/make" "cmTC_08c73/fast"
/usr/bin/make -f CMakeFiles/cmTC_08c73.dir/build.make CMakeFiles/cmTC_08c73.dir/build
make[1]: Entering directory '/home/mat/workspace/gorobots/projects/C-CPGRBFN/CPGRBFN_feedback_nature/interfaces/morf/sim/build_dir/CMakeFiles/CMakeTmp'
Building C object CMakeFiles/cmTC_08c73.dir/CheckFunctionExists.c.o
/usr/bin/cc   -DCHECK_FUNCTION_EXISTS=pthread_create   -o CMakeFiles/cmTC_08c73.dir/CheckFunctionExists.c.o   -c /usr/share/cmake-3.10/Modules/CheckFunctionExists.c
Linking C executable cmTC_08c73
/usr/bin/cmake -E cmake_link_script CMakeFiles/cmTC_08c73.dir/link.txt --verbose=1
/usr/bin/cc  -DCHECK_FUNCTION_EXISTS=pthread_create    -rdynamic CMakeFiles/cmTC_08c73.dir/CheckFunctionExists.c.o  -o cmTC_08c73 -lpthreads 
/usr/bin/ld: cannot find -lpthreads
collect2: error: ld returned 1 exit status
CMakeFiles/cmTC_08c73.dir/build.make:97: recipe for target 'cmTC_08c73' failed
make[1]: *** [cmTC_08c73] Error 1
make[1]: Leaving directory '/home/mat/workspace/gorobots/projects/C-CPGRBFN/CPGRBFN_feedback_nature/interfaces/morf/sim/build_dir/CMakeFiles/CMakeTmp'
Makefile:126: recipe for target 'cmTC_08c73/fast' failed
make: *** [cmTC_08c73/fast] Error 2


Performing C SOURCE FILE Test CMAKE_HAVE_LIBC_PTHREAD failed with the following output:
Change Dir: /home/mat/workspace/gorobots/projects/C-CPGRBFN/CPGRBFN_feedback_nature/interfaces/morf/sim/build_dir/CMakeFiles/CMakeTmp

Run Build Command(s):/usr/bin/make cmTC_b498d/fast && /usr/bin/make  -f CMakeFiles/cmTC_b498d.dir/build.make CMakeFiles/cmTC_b498d.dir/build
make[1]: Entering directory '/home/mat/workspace/gorobots/projects/C-CPGRBFN/CPGRBFN_feedback_nature/interfaces/morf/sim/build_dir/CMakeFiles/CMakeTmp'
Building C object CMakeFiles/cmTC_b498d.dir/src.c.o
/usr/bin/cc -DCMAKE_HAVE_LIBC_PTHREAD   -o CMakeFiles/cmTC_b498d.dir/src.c.o -c /home/mat/workspace/gorobots/projects/C-CPGRBFN/CPGRBFN_feedback_nature/interfaces/morf/sim/build_dir/CMakeFiles/CMakeTmp/src.c
Linking C executable cmTC_b498d
/snap/clion/151/bin/cmake/linux/bin/cmake -E cmake_link_script CMakeFiles/cmTC_b498d.dir/link.txt --verbose=1
/usr/bin/cc -rdynamic CMakeFiles/cmTC_b498d.dir/src.c.o -o cmTC_b498d 
CMakeFiles/cmTC_b498d.dir/src.c.o: In function `main':
src.c:(.text+0x3e): undefined reference to `pthread_create'
src.c:(.text+0x4a): undefined reference to `pthread_detach'
src.c:(.text+0x56): undefined reference to `pthread_cancel'
src.c:(.text+0x67): undefined reference to `pthread_join'
src.c:(.text+0x7b): undefined reference to `pthread_atfork'
collect2: error: ld returned 1 exit status
CMakeFiles/cmTC_b498d.dir/build.make:105: recipe for target 'cmTC_b498d' failed
make[1]: *** [cmTC_b498d] Error 1
make[1]: Leaving directory '/home/mat/workspace/gorobots/projects/C-CPGRBFN/CPGRBFN_feedback_nature/interfaces/morf/sim/build_dir/CMakeFiles/CMakeTmp'
Makefile:140: recipe for target 'cmTC_b498d/fast' failed
make: *** [cmTC_b498d/fast] Error 2


Source file was:
#include <pthread.h>

static void* test_func(void* data)
{
  return data;
}

int main(void)
{
  pthread_t thread;
  pthread_create(&thread, NULL, test_func, NULL);
  pthread_detach(thread);
  pthread_cancel(thread);
  pthread_join(thread, NULL);
  pthread_atfork(NULL, NULL, NULL);
  pthread_exit(NULL);

  return 0;
}

Determining if the pthread_create exist failed with the following output:
Change Dir: /home/mat/workspace/gorobots/projects/C-CPGRBFN/CPGRBFN_feedback_nature/interfaces/morf/sim/build_dir/CMakeFiles/CMakeTmp

Run Build Command:"/usr/bin/make" "cmTC_a4ea7/fast"
/usr/bin/make -f CMakeFiles/cmTC_a4ea7.dir/build.make CMakeFiles/cmTC_a4ea7.dir/build
make[1]: Entering directory '/home/mat/workspace/gorobots/projects/C-CPGRBFN/CPGRBFN_feedback_nature/interfaces/morf/sim/build_dir/CMakeFiles/CMakeTmp'
Building C object CMakeFiles/cmTC_a4ea7.dir/CheckSymbolExists.c.o
/usr/bin/cc    -o CMakeFiles/cmTC_a4ea7.dir/CheckSymbolExists.c.o   -c /home/mat/workspace/gorobots/projects/C-CPGRBFN/CPGRBFN_feedback_nature/interfaces/morf/sim/build_dir/CMakeFiles/CMakeTmp/CheckSymbolExists.c
Linking C executable cmTC_a4ea7
/usr/bin/cmake -E cmake_link_script CMakeFiles/cmTC_a4ea7.dir/link.txt --verbose=1
/usr/bin/cc      -rdynamic CMakeFiles/cmTC_a4ea7.dir/CheckSymbolExists.c.o  -o cmTC_a4ea7 
CMakeFiles/cmTC_a4ea7.dir/CheckSymbolExists.c.o: In function `main':
CheckSymbolExists.c:(.text+0x1b): undefined reference to `pthread_create'
collect2: error: ld returned 1 exit status
CMakeFiles/cmTC_a4ea7.dir/build.make:97: recipe for target 'cmTC_a4ea7' failed
make[1]: *** [cmTC_a4ea7] Error 1
make[1]: Leaving directory '/home/mat/workspace/gorobots/projects/C-CPGRBFN/CPGRBFN_feedback_nature/interfaces/morf/sim/build_dir/CMakeFiles/CMakeTmp'
Makefile:126: recipe for target 'cmTC_a4ea7/fast' failed
make: *** [cmTC_a4ea7/fast] Error 2

File /home/mat/workspace/gorobots/projects/C-CPGRBFN/CPGRBFN_feedback_nature/interfaces/morf/sim/build_dir/CMakeFiles/CMakeTmp/CheckSymbolExists.c:
/* */
#include <pthread.h>

int main(int argc, char** argv)
{
  (void)argv;
#ifndef pthread_create
  return ((int*)(&pthread_create))[argc];
#else
  (void)argc;
  return 0;
#endif
}

Determining if the function pthread_create exists in the pthreads failed with the following output:
Change Dir: /home/mat/workspace/gorobots/projects/C-CPGRBFN/CPGRBFN_feedback_nature/interfaces/morf/sim/build_dir/CMakeFiles/CMakeTmp

Run Build Command:"/usr/bin/make" "cmTC_540d2/fast"
/usr/bin/make -f CMakeFiles/cmTC_540d2.dir/build.make CMakeFiles/cmTC_540d2.dir/build
make[1]: Entering directory '/home/mat/workspace/gorobots/projects/C-CPGRBFN/CPGRBFN_feedback_nature/interfaces/morf/sim/build_dir/CMakeFiles/CMakeTmp'
Building C object CMakeFiles/cmTC_540d2.dir/CheckFunctionExists.c.o
/usr/bin/cc   -DCHECK_FUNCTION_EXISTS=pthread_create   -o CMakeFiles/cmTC_540d2.dir/CheckFunctionExists.c.o   -c /usr/share/cmake-3.10/Modules/CheckFunctionExists.c
Linking C executable cmTC_540d2
/usr/bin/cmake -E cmake_link_script CMakeFiles/cmTC_540d2.dir/link.txt --verbose=1
/usr/bin/cc  -DCHECK_FUNCTION_EXISTS=pthread_create    -rdynamic CMakeFiles/cmTC_540d2.dir/CheckFunctionExists.c.o  -o cmTC_540d2 -lpthreads 
/usr/bin/ld: cannot find -lpthreads
collect2: error: ld returned 1 exit status
CMakeFiles/cmTC_540d2.dir/build.make:97: recipe for target 'cmTC_540d2' failed
make[1]: *** [cmTC_540d2] Error 1
make[1]: Leaving directory '/home/mat/workspace/gorobots/projects/C-CPGRBFN/CPGRBFN_feedback_nature/interfaces/morf/sim/build_dir/CMakeFiles/CMakeTmp'
Makefile:126: recipe for target 'cmTC_540d2/fast' failed
make: *** [cmTC_540d2/fast] Error 2


Determining if the pthread_create exist failed with the following output:
Change Dir: /home/mat/workspace/CPG-RBFN-framework/interfaces/morf/sim/build_dir/CMakeFiles/CMakeTmp

Run Build Command:"/usr/bin/make" "cmTC_78db2/fast"
/usr/bin/make -f CMakeFiles/cmTC_78db2.dir/build.make CMakeFiles/cmTC_78db2.dir/build
make[1]: Entering directory '/home/mat/workspace/CPG-RBFN-framework/interfaces/morf/sim/build_dir/CMakeFiles/CMakeTmp'
Building C object CMakeFiles/cmTC_78db2.dir/CheckSymbolExists.c.o
/usr/bin/cc    -o CMakeFiles/cmTC_78db2.dir/CheckSymbolExists.c.o   -c /home/mat/workspace/CPG-RBFN-framework/interfaces/morf/sim/build_dir/CMakeFiles/CMakeTmp/CheckSymbolExists.c
Linking C executable cmTC_78db2
/usr/bin/cmake -E cmake_link_script CMakeFiles/cmTC_78db2.dir/link.txt --verbose=1
/usr/bin/cc      -rdynamic CMakeFiles/cmTC_78db2.dir/CheckSymbolExists.c.o  -o cmTC_78db2 
CMakeFiles/cmTC_78db2.dir/CheckSymbolExists.c.o: In function `main':
CheckSymbolExists.c:(.text+0x1b): undefined reference to `pthread_create'
collect2: error: ld returned 1 exit status
CMakeFiles/cmTC_78db2.dir/build.make:97: recipe for target 'cmTC_78db2' failed
make[1]: *** [cmTC_78db2] Error 1
make[1]: Leaving directory '/home/mat/workspace/CPG-RBFN-framework/interfaces/morf/sim/build_dir/CMakeFiles/CMakeTmp'
Makefile:126: recipe for target 'cmTC_78db2/fast' failed
make: *** [cmTC_78db2/fast] Error 2

File /home/mat/workspace/CPG-RBFN-framework/interfaces/morf/sim/build_dir/CMakeFiles/CMakeTmp/CheckSymbolExists.c:
/* */
#include <pthread.h>

int main(int argc, char** argv)
{
  (void)argv;
#ifndef pthread_create
  return ((int*)(&pthread_create))[argc];
#else
  (void)argc;
  return 0;
#endif
}

Determining if the function pthread_create exists in the pthreads failed with the following output:
Change Dir: /home/mat/workspace/CPG-RBFN-framework/interfaces/morf/sim/build_dir/CMakeFiles/CMakeTmp

Run Build Command:"/usr/bin/make" "cmTC_24e00/fast"
/usr/bin/make -f CMakeFiles/cmTC_24e00.dir/build.make CMakeFiles/cmTC_24e00.dir/build
make[1]: Entering directory '/home/mat/workspace/CPG-RBFN-framework/interfaces/morf/sim/build_dir/CMakeFiles/CMakeTmp'
Building C object CMakeFiles/cmTC_24e00.dir/CheckFunctionExists.c.o
/usr/bin/cc   -DCHECK_FUNCTION_EXISTS=pthread_create   -o CMakeFiles/cmTC_24e00.dir/CheckFunctionExists.c.o   -c /usr/share/cmake-3.10/Modules/CheckFunctionExists.c
Linking C executable cmTC_24e00
/usr/bin/cmake -E cmake_link_script CMakeFiles/cmTC_24e00.dir/link.txt --verbose=1
/usr/bin/cc  -DCHECK_FUNCTION_EXISTS=pthread_create    -rdynamic CMakeFiles/cmTC_24e00.dir/CheckFunctionExists.c.o  -o cmTC_24e00 -lpthreads 
/usr/bin/ld: cannot find -lpthreads
collect2: error: ld returned 1 exit status
CMakeFiles/cmTC_24e00.dir/build.make:97: recipe for target 'cmTC_24e00' failed
make[1]: *** [cmTC_24e00] Error 1
make[1]: Leaving directory '/home/mat/workspace/CPG-RBFN-framework/interfaces/morf/sim/build_dir/CMakeFiles/CMakeTmp'
Makefile:126: recipe for target 'cmTC_24e00/fast' failed
make: *** [cmTC_24e00/fast] Error 2


